# JRE version: OpenJDK Runtime Environment (14.0.2+12) (build 14.0.2+12-46)
# Java VM: OpenJDK 64-Bit Server VM (14.0.2+12-46, mixed mode, sharing, tiered, compressed oops, g1 gc, windows-amd64)
Heap:
 garbage-first heap   total 454656K, used 20222K [0x0000000700c00000, 0x0000000800000000)
  region size 1024K, 8 young (8192K), 5 survivors (5120K)
 Metaspace       used 8710K, capacity 11300K, committed 11520K, reserved 1060864K
  class space    used 460K, capacity 747K, committed 768K, reserved 1048576K
GC Heap History (20 events):
Event: 2.310 GC heap before
{Heap before GC invocations=15 (full 0):
 garbage-first heap   total 315392K, used 194981K [0x0000000700c00000, 0x0000000800000000)
  region size 1024K, 184 young (188416K), 8 survivors (8192K)
 Metaspace       used 7329K, capacity 9951K, committed 10240K, reserved 1058816K
  class space    used 412K, capacity 681K, committed 768K, reserved 1048576K
}
Event: 2.312 GC heap after
{Heap after GC invocations=16 (full 0):
 garbage-first heap   total 378880K, used 14993K [0x0000000700c00000, 0x0000000800000000)
  region size 1024K, 8 young (8192K), 8 survivors (8192K)
 Metaspace       used 7329K, capacity 9951K, committed 10240K, reserved 1058816K
  class space    used 412K, capacity 681K, committed 768K, reserved 1048576K
}
Event: 2.438 GC heap before
{Heap before GC invocations=16 (full 0):
 garbage-first heap   total 378880K, used 234129K [0x0000000700c00000, 0x0000000800000000)
  region size 1024K, 222 young (227328K), 8 survivors (8192K)
 Metaspace       used 7329K, capacity 9951K, committed 10240K, reserved 1058816K
  class space    used 412K, capacity 681K, committed 768K, reserved 1048576K
}
Event: 2.440 GC heap after
{Heap after GC invocations=17 (full 0):
 garbage-first heap   total 378880K, used 14761K [0x0000000700c00000, 0x0000000800000000)
  region size 1024K, 8 young (8192K), 8 survivors (8192K)
 Metaspace       used 7329K, capacity 9951K, committed 10240K, reserved 1058816K
  class space    used 412K, capacity 681K, committed 768K, reserved 1048576K
}
Event: 2.563 GC heap before
{Heap before GC invocations=17 (full 0):
 garbage-first heap   total 378880K, used 233897K [0x0000000700c00000, 0x0000000800000000)
  region size 1024K, 222 young (227328K), 8 survivors (8192K)
 Metaspace       used 7330K, capacity 9951K, committed 10240K, reserved 1058816K
  class space    used 412K, capacity 681K, committed 768K, reserved 1048576K
}
Event: 2.566 GC heap after
{Heap after GC invocations=18 (full 0):
 garbage-first heap   total 378880K, used 17145K [0x0000000700c00000, 0x0000000800000000)
  region size 1024K, 10 young (10240K), 10 survivors (10240K)
 Metaspace       used 7330K, capacity 9951K, committed 10240K, reserved 1058816K
  class space    used 412K, capacity 681K, committed 768K, reserved 1048576K
}
Event: 2.714 GC heap before
{Heap before GC invocations=18 (full 0):
 garbage-first heap   total 378880K, used 234233K [0x0000000700c00000, 0x0000000800000000)
  region size 1024K, 222 young (227328K), 10 survivors (10240K)
 Metaspace       used 7330K, capacity 9951K, committed 10240K, reserved 1058816K
  class space    used 412K, capacity 681K, committed 768K, reserved 1048576K
}
Event: 2.716 GC heap after
{Heap after GC invocations=19 (full 0):
 garbage-first heap   total 378880K, used 17773K [0x0000000700c00000, 0x0000000800000000)
  region size 1024K, 10 young (10240K), 10 survivors (10240K)
 Metaspace       used 7330K, capacity 9951K, committed 10240K, reserved 1058816K
  class space    used 412K, capacity 681K, committed 768K, reserved 1048576K
}
Event: 2.836 GC heap before
{Heap before GC invocations=19 (full 0):
 garbage-first heap   total 378880K, used 234861K [0x0000000700c00000, 0x0000000800000000)
  region size 1024K, 222 young (227328K), 10 survivors (10240K)
 Metaspace       used 7330K, capacity 9951K, committed 10240K, reserved 1058816K
  class space    used 412K, capacity 681K, committed 768K, reserved 1048576K
}
Event: 2.839 GC heap after
{Heap after GC invocations=20 (full 0):
 garbage-first heap   total 454656K, used 17781K [0x0000000700c00000, 0x0000000800000000)
  region size 1024K, 8 young (8192K), 8 survivors (8192K)
 Metaspace       used 7330K, capacity 9951K, committed 10240K, reserved 1058816K
  class space    used 412K, capacity 681K, committed 768K, reserved 1048576K
}
Event: 2.999 GC heap before
{Heap before GC invocations=20 (full 0):
 garbage-first heap   total 454656K, used 281973K [0x0000000700c00000, 0x0000000800000000)
  region size 1024K, 266 young (272384K), 8 survivors (8192K)
 Metaspace       used 7330K, capacity 9951K, committed 10240K, reserved 1058816K
  class space    used 412K, capacity 681K, committed 768K, reserved 1048576K
}
Event: 3.000 GC heap after
{Heap after GC invocations=21 (full 0):
 garbage-first heap   total 454656K, used 17796K [0x0000000700c00000, 0x0000000800000000)
  region size 1024K, 8 young (8192K), 8 survivors (8192K)
 Metaspace       used 7330K, capacity 9951K, committed 10240K, reserved 1058816K
  class space    used 412K, capacity 681K, committed 768K, reserved 1048576K
}
Event: 3.142 GC heap before
{Heap before GC invocations=21 (full 0):
 garbage-first heap   total 454656K, used 281988K [0x0000000700c00000, 0x0000000800000000)
  region size 1024K, 266 young (272384K), 8 survivors (8192K)
 Metaspace       used 7330K, capacity 9951K, committed 10240K, reserved 1058816K
  class space    used 412K, capacity 681K, committed 768K, reserved 1048576K
}
Event: 3.143 GC heap after
{Heap after GC invocations=22 (full 0):
 garbage-first heap   total 454656K, used 17706K [0x0000000700c00000, 0x0000000800000000)
  region size 1024K, 8 young (8192K), 8 survivors (8192K)
 Metaspace       used 7330K, capacity 9951K, committed 10240K, reserved 1058816K
  class space    used 412K, capacity 681K, committed 768K, reserved 1048576K
}
Event: 3.291 GC heap before
{Heap before GC invocations=22 (full 0):
 garbage-first heap   total 454656K, used 281898K [0x0000000700c00000, 0x0000000800000000)
  region size 1024K, 266 young (272384K), 8 survivors (8192K)
 Metaspace       used 7330K, capacity 9951K, committed 10240K, reserved 1058816K
  class space    used 412K, capacity 681K, committed 768K, reserved 1048576K
}
Event: 3.293 GC heap after
{Heap after GC invocations=23 (full 0):
 garbage-first heap   total 454656K, used 17749K [0x0000000700c00000, 0x0000000800000000)
  region size 1024K, 8 young (8192K), 8 survivors (8192K)
 Metaspace       used 7330K, capacity 9951K, committed 10240K, reserved 1058816K
  class space    used 412K, capacity 681K, committed 768K, reserved 1048576K
}
Event: 3.435 GC heap before
{Heap before GC invocations=23 (full 0):
 garbage-first heap   total 454656K, used 281941K [0x0000000700c00000, 0x0000000800000000)
  region size 1024K, 266 young (272384K), 8 survivors (8192K)
 Metaspace       used 7331K, capacity 9951K, committed 10240K, reserved 1058816K
  class space    used 412K, capacity 681K, committed 768K, reserved 1048576K
}
Event: 3.437 GC heap after
{Heap after GC invocations=24 (full 0):
 garbage-first heap   total 454656K, used 17818K [0x0000000700c00000, 0x0000000800000000)
  region size 1024K, 5 young (5120K), 5 survivors (5120K)
 Metaspace       used 7331K, capacity 9951K, committed 10240K, reserved 1058816K
  class space    used 412K, capacity 681K, committed 768K, reserved 1048576K
}
Event: 3.591 GC heap before
{Heap before GC invocations=24 (full 0):
 garbage-first heap   total 454656K, used 285082K [0x0000000700c00000, 0x0000000800000000)
  region size 1024K, 266 young (272384K), 5 survivors (5120K)
 Metaspace       used 7634K, capacity 10239K, committed 10496K, reserved 1058816K
  class space    used 424K, capacity 713K, committed 768K, reserved 1048576K
}
Event: 3.593 GC heap after
{Heap after GC invocations=25 (full 0):
 garbage-first heap   total 454656K, used 18174K [0x0000000700c00000, 0x0000000800000000)
  region size 1024K, 5 young (5120K), 5 survivors (5120K)
 Metaspace       used 7634K, capacity 10239K, committed 10496K, reserved 1058816K
  class space    used 424K, capacity 713K, committed 768K, reserved 1048576K
}

