# JRE version: OpenJDK Runtime Environment (14.0.2+12) (build 14.0.2+12-46)
# Java VM: OpenJDK 64-Bit Server VM (14.0.2+12-46, mixed mode, sharing, tiered, compressed oops, g1 gc, windows-amd64)
Heap:
 garbage-first heap   total 559104K, used 130503K [0x0000000700c00000, 0x0000000800000000)
  region size 1024K, 116 young (118784K), 13 survivors (13312K)
 Metaspace       used 8716K, capacity 11300K, committed 11520K, reserved 1060864K
  class space    used 460K, capacity 747K, committed 768K, reserved 1048576K
GC Heap History (20 events):
Event: 2.086 GC heap before
{Heap before GC invocations=13 (full 0):
 garbage-first heap   total 315392K, used 196191K [0x0000000700c00000, 0x0000000800000000)
  region size 1024K, 184 young (188416K), 12 survivors (12288K)
 Metaspace       used 7336K, capacity 9951K, committed 10240K, reserved 1058816K
  class space    used 412K, capacity 681K, committed 768K, reserved 1048576K
}
Event: 2.088 GC heap after
{Heap after GC invocations=14 (full 0):
 garbage-first heap   total 378880K, used 20049K [0x0000000700c00000, 0x0000000800000000)
  region size 1024K, 12 young (12288K), 12 survivors (12288K)
 Metaspace       used 7336K, capacity 9951K, committed 10240K, reserved 1058816K
  class space    used 412K, capacity 681K, committed 768K, reserved 1048576K
}
Event: 2.218 GC heap before
{Heap before GC invocations=14 (full 0):
 garbage-first heap   total 378880K, used 235089K [0x0000000700c00000, 0x0000000800000000)
  region size 1024K, 222 young (227328K), 12 survivors (12288K)
 Metaspace       used 7336K, capacity 9951K, committed 10240K, reserved 1058816K
  class space    used 412K, capacity 681K, committed 768K, reserved 1048576K
}
Event: 2.221 GC heap after
{Heap after GC invocations=15 (full 0):
 garbage-first heap   total 378880K, used 25600K [0x0000000700c00000, 0x0000000800000000)
  region size 1024K, 17 young (17408K), 17 survivors (17408K)
 Metaspace       used 7336K, capacity 9951K, committed 10240K, reserved 1058816K
  class space    used 412K, capacity 681K, committed 768K, reserved 1048576K
}
Event: 2.334 GC heap before
{Heap before GC invocations=15 (full 0):
 garbage-first heap   total 378880K, used 235520K [0x0000000700c00000, 0x0000000800000000)
  region size 1024K, 222 young (227328K), 17 survivors (17408K)
 Metaspace       used 7336K, capacity 9951K, committed 10240K, reserved 1058816K
  class space    used 412K, capacity 681K, committed 768K, reserved 1048576K
}
Event: 2.338 GC heap after
{Heap after GC invocations=16 (full 0):
 garbage-first heap   total 378880K, used 26318K [0x0000000700c00000, 0x0000000800000000)
  region size 1024K, 13 young (13312K), 13 survivors (13312K)
 Metaspace       used 7336K, capacity 9951K, committed 10240K, reserved 1058816K
  class space    used 412K, capacity 681K, committed 768K, reserved 1048576K
}
Event: 2.449 GC heap before
{Heap before GC invocations=16 (full 0):
 garbage-first heap   total 378880K, used 240334K [0x0000000700c00000, 0x0000000800000000)
  region size 1024K, 222 young (227328K), 13 survivors (13312K)
 Metaspace       used 7336K, capacity 9951K, committed 10240K, reserved 1058816K
  class space    used 412K, capacity 681K, committed 768K, reserved 1048576K
}
Event: 2.451 GC heap after
{Heap after GC invocations=17 (full 0):
 garbage-first heap   total 378880K, used 25904K [0x0000000700c00000, 0x0000000800000000)
  region size 1024K, 13 young (13312K), 13 survivors (13312K)
 Metaspace       used 7336K, capacity 9951K, committed 10240K, reserved 1058816K
  class space    used 412K, capacity 681K, committed 768K, reserved 1048576K
}
Event: 2.560 GC heap before
{Heap before GC invocations=17 (full 0):
 garbage-first heap   total 378880K, used 239920K [0x0000000700c00000, 0x0000000800000000)
  region size 1024K, 222 young (227328K), 13 survivors (13312K)
 Metaspace       used 7336K, capacity 9951K, committed 10240K, reserved 1058816K
  class space    used 412K, capacity 681K, committed 768K, reserved 1048576K
}
Event: 2.563 GC heap after
{Heap after GC invocations=18 (full 0):
 garbage-first heap   total 465920K, used 25588K [0x0000000700c00000, 0x0000000800000000)
  region size 1024K, 13 young (13312K), 13 survivors (13312K)
 Metaspace       used 7336K, capacity 9951K, committed 10240K, reserved 1058816K
  class space    used 412K, capacity 681K, committed 768K, reserved 1048576K
}
Event: 2.720 GC heap before
{Heap before GC invocations=18 (full 0):
 garbage-first heap   total 465920K, used 291828K [0x0000000700c00000, 0x0000000800000000)
  region size 1024K, 273 young (279552K), 13 survivors (13312K)
 Metaspace       used 7336K, capacity 9951K, committed 10240K, reserved 1058816K
  class space    used 412K, capacity 681K, committed 768K, reserved 1048576K
}
Event: 2.723 GC heap after
{Heap after GC invocations=19 (full 0):
 garbage-first heap   total 465920K, used 25985K [0x0000000700c00000, 0x0000000800000000)
  region size 1024K, 13 young (13312K), 13 survivors (13312K)
 Metaspace       used 7336K, capacity 9951K, committed 10240K, reserved 1058816K
  class space    used 412K, capacity 681K, committed 768K, reserved 1048576K
}
Event: 2.866 GC heap before
{Heap before GC invocations=19 (full 0):
 garbage-first heap   total 465920K, used 292225K [0x0000000700c00000, 0x0000000800000000)
  region size 1024K, 273 young (279552K), 13 survivors (13312K)
 Metaspace       used 7336K, capacity 9951K, committed 10240K, reserved 1058816K
  class space    used 412K, capacity 681K, committed 768K, reserved 1048576K
}
Event: 2.868 GC heap after
{Heap after GC invocations=20 (full 0):
 garbage-first heap   total 465920K, used 25529K [0x0000000700c00000, 0x0000000800000000)
  region size 1024K, 13 young (13312K), 13 survivors (13312K)
 Metaspace       used 7336K, capacity 9951K, committed 10240K, reserved 1058816K
  class space    used 412K, capacity 681K, committed 768K, reserved 1048576K
}
Event: 3.004 GC heap before
{Heap before GC invocations=20 (full 0):
 garbage-first heap   total 465920K, used 291769K [0x0000000700c00000, 0x0000000800000000)
  region size 1024K, 273 young (279552K), 13 survivors (13312K)
 Metaspace       used 7336K, capacity 9951K, committed 10240K, reserved 1058816K
  class space    used 412K, capacity 681K, committed 768K, reserved 1048576K
}
Event: 3.006 GC heap after
{Heap after GC invocations=21 (full 0):
 garbage-first heap   total 465920K, used 25972K [0x0000000700c00000, 0x0000000800000000)
  region size 1024K, 13 young (13312K), 13 survivors (13312K)
 Metaspace       used 7336K, capacity 9951K, committed 10240K, reserved 1058816K
  class space    used 412K, capacity 681K, committed 768K, reserved 1048576K
}
Event: 3.155 GC heap before
{Heap before GC invocations=21 (full 0):
 garbage-first heap   total 465920K, used 292212K [0x0000000700c00000, 0x0000000800000000)
  region size 1024K, 273 young (279552K), 13 survivors (13312K)
 Metaspace       used 7336K, capacity 9951K, committed 10240K, reserved 1058816K
  class space    used 412K, capacity 681K, committed 768K, reserved 1048576K
}
Event: 3.157 GC heap after
{Heap after GC invocations=22 (full 0):
 garbage-first heap   total 465920K, used 26005K [0x0000000700c00000, 0x0000000800000000)
  region size 1024K, 13 young (13312K), 13 survivors (13312K)
 Metaspace       used 7336K, capacity 9951K, committed 10240K, reserved 1058816K
  class space    used 412K, capacity 681K, committed 768K, reserved 1048576K
}
Event: 3.292 GC heap before
{Heap before GC invocations=22 (full 0):
 garbage-first heap   total 465920K, used 292245K [0x0000000700c00000, 0x0000000800000000)
  region size 1024K, 273 young (279552K), 13 survivors (13312K)
 Metaspace       used 7336K, capacity 9951K, committed 10240K, reserved 1058816K
  class space    used 412K, capacity 681K, committed 768K, reserved 1048576K
}
Event: 3.295 GC heap after
{Heap after GC invocations=23 (full 0):
 garbage-first heap   total 559104K, used 26055K [0x0000000700c00000, 0x0000000800000000)
  region size 1024K, 13 young (13312K), 13 survivors (13312K)
 Metaspace       used 7336K, capacity 9951K, committed 10240K, reserved 1058816K
  class space    used 412K, capacity 681K, committed 768K, reserved 1048576K
}

