# JRE version: OpenJDK Runtime Environment (14.0.2+12) (build 14.0.2+12-46)
# Java VM: OpenJDK 64-Bit Server VM (14.0.2+12-46, mixed mode, sharing, tiered, compressed oops, g1 gc, windows-amd64)
Heap:
 garbage-first heap   total 545792K, used 286937K [0x0000000700c00000, 0x0000000800000000)
  region size 1024K, 264 young (270336K), 8 survivors (8192K)
 Metaspace       used 8692K, capacity 11300K, committed 11520K, reserved 1060864K
  class space    used 460K, capacity 747K, committed 768K, reserved 1048576K
GC Heap History (20 events):
Event: 2.432 GC heap before
{Heap before GC invocations=16 (full 0):
 garbage-first heap   total 378880K, used 235756K [0x0000000700c00000, 0x0000000800000000)
  region size 1024K, 222 young (227328K), 11 survivors (11264K)
 Metaspace       used 7312K, capacity 9951K, committed 10240K, reserved 1058816K
  class space    used 412K, capacity 681K, committed 768K, reserved 1048576K
}
Event: 2.435 GC heap after
{Heap after GC invocations=17 (full 0):
 garbage-first heap   total 378880K, used 19750K [0x0000000700c00000, 0x0000000800000000)
  region size 1024K, 11 young (11264K), 11 survivors (11264K)
 Metaspace       used 7312K, capacity 9951K, committed 10240K, reserved 1058816K
  class space    used 412K, capacity 681K, committed 768K, reserved 1048576K
}
Event: 2.553 GC heap before
{Heap before GC invocations=17 (full 0):
 garbage-first heap   total 378880K, used 234790K [0x0000000700c00000, 0x0000000800000000)
  region size 1024K, 222 young (227328K), 11 survivors (11264K)
 Metaspace       used 7312K, capacity 9951K, committed 10240K, reserved 1058816K
  class space    used 412K, capacity 681K, committed 768K, reserved 1048576K
}
Event: 2.555 GC heap after
{Heap after GC invocations=18 (full 0):
 garbage-first heap   total 378880K, used 19208K [0x0000000700c00000, 0x0000000800000000)
  region size 1024K, 11 young (11264K), 11 survivors (11264K)
 Metaspace       used 7312K, capacity 9951K, committed 10240K, reserved 1058816K
  class space    used 412K, capacity 681K, committed 768K, reserved 1048576K
}
Event: 2.659 GC heap before
{Heap before GC invocations=18 (full 0):
 garbage-first heap   total 378880K, used 234248K [0x0000000700c00000, 0x0000000800000000)
  region size 1024K, 222 young (227328K), 11 survivors (11264K)
 Metaspace       used 7312K, capacity 9951K, committed 10240K, reserved 1058816K
  class space    used 412K, capacity 681K, committed 768K, reserved 1048576K
}
Event: 2.662 GC heap after
{Heap after GC invocations=19 (full 0):
 garbage-first heap   total 454656K, used 19993K [0x0000000700c00000, 0x0000000800000000)
  region size 1024K, 12 young (12288K), 12 survivors (12288K)
 Metaspace       used 7312K, capacity 9951K, committed 10240K, reserved 1058816K
  class space    used 412K, capacity 681K, committed 768K, reserved 1048576K
}
Event: 2.819 GC heap before
{Heap before GC invocations=19 (full 0):
 garbage-first heap   total 454656K, used 279065K [0x0000000700c00000, 0x0000000800000000)
  region size 1024K, 266 young (272384K), 12 survivors (12288K)
 Metaspace       used 7312K, capacity 9951K, committed 10240K, reserved 1058816K
  class space    used 412K, capacity 681K, committed 768K, reserved 1048576K
}
Event: 2.823 GC heap after
{Heap after GC invocations=20 (full 0):
 garbage-first heap   total 454656K, used 24854K [0x0000000700c00000, 0x0000000800000000)
  region size 1024K, 12 young (12288K), 12 survivors (12288K)
 Metaspace       used 7312K, capacity 9951K, committed 10240K, reserved 1058816K
  class space    used 412K, capacity 681K, committed 768K, reserved 1048576K
}
Event: 2.975 GC heap before
{Heap before GC invocations=20 (full 0):
 garbage-first heap   total 454656K, used 284950K [0x0000000700c00000, 0x0000000800000000)
  region size 1024K, 266 young (272384K), 12 survivors (12288K)
 Metaspace       used 7312K, capacity 9951K, committed 10240K, reserved 1058816K
  class space    used 412K, capacity 681K, committed 768K, reserved 1048576K
}
Event: 2.978 GC heap after
{Heap after GC invocations=21 (full 0):
 garbage-first heap   total 454656K, used 24391K [0x0000000700c00000, 0x0000000800000000)
  region size 1024K, 12 young (12288K), 12 survivors (12288K)
 Metaspace       used 7312K, capacity 9951K, committed 10240K, reserved 1058816K
  class space    used 412K, capacity 681K, committed 768K, reserved 1048576K
}
Event: 3.138 GC heap before
{Heap before GC invocations=21 (full 0):
 garbage-first heap   total 454656K, used 284487K [0x0000000700c00000, 0x0000000800000000)
  region size 1024K, 266 young (272384K), 12 survivors (12288K)
 Metaspace       used 7312K, capacity 9951K, committed 10240K, reserved 1058816K
  class space    used 412K, capacity 681K, committed 768K, reserved 1048576K
}
Event: 3.140 GC heap after
{Heap after GC invocations=22 (full 0):
 garbage-first heap   total 454656K, used 24491K [0x0000000700c00000, 0x0000000800000000)
  region size 1024K, 12 young (12288K), 12 survivors (12288K)
 Metaspace       used 7312K, capacity 9951K, committed 10240K, reserved 1058816K
  class space    used 412K, capacity 681K, committed 768K, reserved 1048576K
}
Event: 3.305 GC heap before
{Heap before GC invocations=22 (full 0):
 garbage-first heap   total 454656K, used 284587K [0x0000000700c00000, 0x0000000800000000)
  region size 1024K, 266 young (272384K), 12 survivors (12288K)
 Metaspace       used 7312K, capacity 9951K, committed 10240K, reserved 1058816K
  class space    used 412K, capacity 681K, committed 768K, reserved 1048576K
}
Event: 3.307 GC heap after
{Heap after GC invocations=23 (full 0):
 garbage-first heap   total 454656K, used 25354K [0x0000000700c00000, 0x0000000800000000)
  region size 1024K, 12 young (12288K), 12 survivors (12288K)
 Metaspace       used 7312K, capacity 9951K, committed 10240K, reserved 1058816K
  class space    used 412K, capacity 681K, committed 768K, reserved 1048576K
}
Event: 3.575 GC heap before
{Heap before GC invocations=23 (full 0):
 garbage-first heap   total 454656K, used 285450K [0x0000000700c00000, 0x0000000800000000)
  region size 1024K, 266 young (272384K), 12 survivors (12288K)
 Metaspace       used 7312K, capacity 9951K, committed 10240K, reserved 1058816K
  class space    used 412K, capacity 681K, committed 768K, reserved 1048576K
}
Event: 3.579 GC heap after
{Heap after GC invocations=24 (full 0):
 garbage-first heap   total 545792K, used 25284K [0x0000000700c00000, 0x0000000800000000)
  region size 1024K, 8 young (8192K), 8 survivors (8192K)
 Metaspace       used 7312K, capacity 9951K, committed 10240K, reserved 1058816K
  class space    used 412K, capacity 681K, committed 768K, reserved 1048576K
}
Event: 3.783 GC heap before
{Heap before GC invocations=24 (full 0):
 garbage-first heap   total 545792K, used 343748K [0x0000000700c00000, 0x0000000800000000)
  region size 1024K, 319 young (326656K), 8 survivors (8192K)
 Metaspace       used 7312K, capacity 9951K, committed 10240K, reserved 1058816K
  class space    used 412K, capacity 681K, committed 768K, reserved 1048576K
}
Event: 3.785 GC heap after
{Heap after GC invocations=25 (full 0):
 garbage-first heap   total 545792K, used 25349K [0x0000000700c00000, 0x0000000800000000)
  region size 1024K, 7 young (7168K), 7 survivors (7168K)
 Metaspace       used 7312K, capacity 9951K, committed 10240K, reserved 1058816K
  class space    used 412K, capacity 681K, committed 768K, reserved 1048576K
}
Event: 3.955 GC heap before
{Heap before GC invocations=25 (full 0):
 garbage-first heap   total 545792K, used 344837K [0x0000000700c00000, 0x0000000800000000)
  region size 1024K, 319 young (326656K), 7 survivors (7168K)
 Metaspace       used 7312K, capacity 9951K, committed 10240K, reserved 1058816K
  class space    used 412K, capacity 681K, committed 768K, reserved 1048576K
}
Event: 3.956 GC heap after
{Heap after GC invocations=26 (full 0):
 garbage-first heap   total 545792K, used 25817K [0x0000000700c00000, 0x0000000800000000)
  region size 1024K, 8 young (8192K), 8 survivors (8192K)
 Metaspace       used 7312K, capacity 9951K, committed 10240K, reserved 1058816K
  class space    used 412K, capacity 681K, committed 768K, reserved 1048576K
}

