# JRE version: OpenJDK Runtime Environment (14.0.2+12) (build 14.0.2+12-46)
# Java VM: OpenJDK 64-Bit Server VM (14.0.2+12-46, mixed mode, sharing, tiered, compressed oops, g1 gc, windows-amd64)
Heap:
 garbage-first heap   total 454656K, used 165234K [0x0000000700c00000, 0x0000000800000000)
  region size 1024K, 145 young (148480K), 7 survivors (7168K)
 Metaspace       used 8715K, capacity 11300K, committed 11520K, reserved 1060864K
  class space    used 460K, capacity 747K, committed 768K, reserved 1048576K
GC Heap History (20 events):
Event: 2.793 GC heap before
{Heap before GC invocations=19 (full 0):
 garbage-first heap   total 378880K, used 235587K [0x0000000700c00000, 0x0000000800000000)
  region size 1024K, 222 young (227328K), 11 survivors (11264K)
 Metaspace       used 7336K, capacity 9951K, committed 10240K, reserved 1058816K
  class space    used 412K, capacity 681K, committed 768K, reserved 1048576K
}
Event: 2.797 GC heap after
{Heap after GC invocations=20 (full 0):
 garbage-first heap   total 454656K, used 20114K [0x0000000700c00000, 0x0000000800000000)
  region size 1024K, 7 young (7168K), 7 survivors (7168K)
 Metaspace       used 7336K, capacity 9951K, committed 10240K, reserved 1058816K
  class space    used 412K, capacity 681K, committed 768K, reserved 1048576K
}
Event: 3.036 GC heap before
{Heap before GC invocations=20 (full 0):
 garbage-first heap   total 454656K, used 285330K [0x0000000700c00000, 0x0000000800000000)
  region size 1024K, 266 young (272384K), 7 survivors (7168K)
 Metaspace       used 7336K, capacity 9951K, committed 10240K, reserved 1058816K
  class space    used 412K, capacity 681K, committed 768K, reserved 1048576K
}
Event: 3.038 GC heap after
{Heap after GC invocations=21 (full 0):
 garbage-first heap   total 454656K, used 23552K [0x0000000700c00000, 0x0000000800000000)
  region size 1024K, 10 young (10240K), 10 survivors (10240K)
 Metaspace       used 7336K, capacity 9951K, committed 10240K, reserved 1058816K
  class space    used 412K, capacity 681K, committed 768K, reserved 1048576K
}
Event: 3.306 GC heap before
{Heap before GC invocations=21 (full 0):
 garbage-first heap   total 454656K, used 285696K [0x0000000700c00000, 0x0000000800000000)
  region size 1024K, 266 young (272384K), 10 survivors (10240K)
 Metaspace       used 7336K, capacity 9951K, committed 10240K, reserved 1058816K
  class space    used 412K, capacity 681K, committed 768K, reserved 1048576K
}
Event: 3.308 GC heap after
{Heap after GC invocations=22 (full 0):
 garbage-first heap   total 454656K, used 23804K [0x0000000700c00000, 0x0000000800000000)
  region size 1024K, 11 young (11264K), 11 survivors (11264K)
 Metaspace       used 7336K, capacity 9951K, committed 10240K, reserved 1058816K
  class space    used 412K, capacity 681K, committed 768K, reserved 1048576K
}
Event: 3.446 GC heap before
{Heap before GC invocations=22 (full 0):
 garbage-first heap   total 454656K, used 284924K [0x0000000700c00000, 0x0000000800000000)
  region size 1024K, 266 young (272384K), 11 survivors (11264K)
 Metaspace       used 7336K, capacity 9951K, committed 10240K, reserved 1058816K
  class space    used 412K, capacity 681K, committed 768K, reserved 1048576K
}
Event: 3.448 GC heap after
{Heap after GC invocations=23 (full 0):
 garbage-first heap   total 454656K, used 24211K [0x0000000700c00000, 0x0000000800000000)
  region size 1024K, 11 young (11264K), 11 survivors (11264K)
 Metaspace       used 7336K, capacity 9951K, committed 10240K, reserved 1058816K
  class space    used 412K, capacity 681K, committed 768K, reserved 1048576K
}
Event: 3.583 GC heap before
{Heap before GC invocations=23 (full 0):
 garbage-first heap   total 454656K, used 285331K [0x0000000700c00000, 0x0000000800000000)
  region size 1024K, 266 young (272384K), 11 survivors (11264K)
 Metaspace       used 7336K, capacity 9951K, committed 10240K, reserved 1058816K
  class space    used 412K, capacity 681K, committed 768K, reserved 1048576K
}
Event: 3.586 GC heap after
{Heap after GC invocations=24 (full 0):
 garbage-first heap   total 454656K, used 24465K [0x0000000700c00000, 0x0000000800000000)
  region size 1024K, 7 young (7168K), 7 survivors (7168K)
 Metaspace       used 7336K, capacity 9951K, committed 10240K, reserved 1058816K
  class space    used 412K, capacity 681K, committed 768K, reserved 1048576K
}
Event: 3.720 GC heap before
{Heap before GC invocations=24 (full 0):
 garbage-first heap   total 454656K, used 289681K [0x0000000700c00000, 0x0000000800000000)
  region size 1024K, 266 young (272384K), 7 survivors (7168K)
 Metaspace       used 7336K, capacity 9951K, committed 10240K, reserved 1058816K
  class space    used 412K, capacity 681K, committed 768K, reserved 1048576K
}
Event: 3.722 GC heap after
{Heap after GC invocations=25 (full 0):
 garbage-first heap   total 454656K, used 24740K [0x0000000700c00000, 0x0000000800000000)
  region size 1024K, 7 young (7168K), 7 survivors (7168K)
 Metaspace       used 7336K, capacity 9951K, committed 10240K, reserved 1058816K
  class space    used 412K, capacity 681K, committed 768K, reserved 1048576K
}
Event: 3.854 GC heap before
{Heap before GC invocations=25 (full 0):
 garbage-first heap   total 454656K, used 289956K [0x0000000700c00000, 0x0000000800000000)
  region size 1024K, 266 young (272384K), 7 survivors (7168K)
 Metaspace       used 7336K, capacity 9951K, committed 10240K, reserved 1058816K
  class space    used 412K, capacity 681K, committed 768K, reserved 1048576K
}
Event: 3.856 GC heap after
{Heap after GC invocations=26 (full 0):
 garbage-first heap   total 454656K, used 25033K [0x0000000700c00000, 0x0000000800000000)
  region size 1024K, 8 young (8192K), 8 survivors (8192K)
 Metaspace       used 7336K, capacity 9951K, committed 10240K, reserved 1058816K
  class space    used 412K, capacity 681K, committed 768K, reserved 1048576K
}
Event: 3.990 GC heap before
{Heap before GC invocations=26 (full 0):
 garbage-first heap   total 454656K, used 289225K [0x0000000700c00000, 0x0000000800000000)
  region size 1024K, 266 young (272384K), 8 survivors (8192K)
 Metaspace       used 7336K, capacity 9951K, committed 10240K, reserved 1058816K
  class space    used 412K, capacity 681K, committed 768K, reserved 1048576K
}
Event: 3.992 GC heap after
{Heap after GC invocations=27 (full 0):
 garbage-first heap   total 454656K, used 24397K [0x0000000700c00000, 0x0000000800000000)
  region size 1024K, 7 young (7168K), 7 survivors (7168K)
 Metaspace       used 7336K, capacity 9951K, committed 10240K, reserved 1058816K
  class space    used 412K, capacity 681K, committed 768K, reserved 1048576K
}
Event: 4.128 GC heap before
{Heap before GC invocations=27 (full 0):
 garbage-first heap   total 454656K, used 289613K [0x0000000700c00000, 0x0000000800000000)
  region size 1024K, 266 young (272384K), 7 survivors (7168K)
 Metaspace       used 7336K, capacity 9951K, committed 10240K, reserved 1058816K
  class space    used 412K, capacity 681K, committed 768K, reserved 1048576K
}
Event: 4.130 GC heap after
{Heap after GC invocations=28 (full 0):
 garbage-first heap   total 454656K, used 25227K [0x0000000700c00000, 0x0000000800000000)
  region size 1024K, 8 young (8192K), 8 survivors (8192K)
 Metaspace       used 7336K, capacity 9951K, committed 10240K, reserved 1058816K
  class space    used 412K, capacity 681K, committed 768K, reserved 1048576K
}
Event: 4.268 GC heap before
{Heap before GC invocations=28 (full 0):
 garbage-first heap   total 454656K, used 289419K [0x0000000700c00000, 0x0000000800000000)
  region size 1024K, 266 young (272384K), 8 survivors (8192K)
 Metaspace       used 7336K, capacity 9951K, committed 10240K, reserved 1058816K
  class space    used 412K, capacity 681K, committed 768K, reserved 1048576K
}
Event: 4.269 GC heap after
{Heap after GC invocations=29 (full 0):
 garbage-first heap   total 454656K, used 24946K [0x0000000700c00000, 0x0000000800000000)
  region size 1024K, 7 young (7168K), 7 survivors (7168K)
 Metaspace       used 7336K, capacity 9951K, committed 10240K, reserved 1058816K
  class space    used 412K, capacity 681K, committed 768K, reserved 1048576K
}

